proguard.cfg
-optimizationpasses 5
-dontusemixedcaseclassnames
-dontskipnonpubliclibraryclasses
-dontpreverify
-verbose
-optimizations !code/simplification/arithmetic,!field/*,!class/merging/*
-ignorewarnings
-keep public class * extends android.app.Activity
-keep public class * extends android.app.Application
-keep public class * extends android.app.Service
-keep public class * extends android.content.BroadcastReceiver
-keep public class * extends android.content.ContentProvider
-keep public class * extends android.app.backup.BackupAgentHelper
-keep public class * extends android.preference.Preference
-keep public class com.android.vending.licensing.ILicensingService


-libraryjars libs/umeng-update-v2.4.2.jar
-libraryjars libs/commons-io-1.4.jar
-libraryjars libs/commons-lang-2.5.jar
-libraryjars libs/httpmime-4.1.1.jar
-libraryjars libs/locSDK_3.3.jar
-libraryjars libs/cpic1.0.jar
-libraryjars libs/baidumapapi_v3_2_0.jar
-libraryjars libs/android-support-v4.jar
-libraryjars libs/umeng-fb-v4.3.2.jar
-libraryjars libs/umeng-analytics-v5.2.4.jar
-libraryjars libs/maa_sdk_android_rewriter.jar
-libraryjars libs/maa_sdk_android.jar

-keep class com.mato.** { *; }
-dontwarn com.mato.**

-dontwarn com.baidu.**
-dontwarn com.wlqq.huodi.bean.**

-keep class com.baidu.vi.** {*; }

-keep class com.baidu.**{*;}
-keep class vi.com.gdi.bgl.**{*;}
-keep class net.tsz.afinal**  {*; }

-keep class com.wlqq.huodi.bean.** {*;}
-keepattributes Signature
-keepattributes *Annotation*
-libraryjars libs/baidumapapi_v3_2_0.jar

-keep class com.baidu.** { *; }

-keep class vi.com.gdi.bgl.android.**{*;}

-keep class com.baidu.mapapi.** {*; }
-keep class com.baidu.platform.** {*; }
-keep class com.baidu.location.** {*; }
-keep class com.baidu.vi.** {*; }
-keep class com.umeng.** {*; }


-keep public class com.wlqq.huodi.R$*{
             public static final int *;
}

-keep class vi.com.gdi.bgl.android.** {*; }
-keep class com.baidu.** {*;}

-keep public class com.wlqq.R$*{
    public static final int *;
}

-keepclasseswithmembers class * {
    native <methods>;
}

-keepclasseswithmembers class * {
    public <init>(android.content.Context, android.util.AttributeSet);
}

-keepclasseswithmembers class * {
    public <init>(android.content.Context, android.util.AttributeSet, int);
}

-keepclassmembers enum * {
    public static **[] values();
    public static ** valueOf(java.lang.String);
}

-keep class * implements android.os.Parcelable {
  public static final android.os.Parcelable$Creator *;
}