proguard_logs/seeds.txt
com.baidu.location.g
com.baidu.location.g: java.lang.String new
com.baidu.location.g: int d
com.baidu.location.g: int void
com.baidu.location.g: java.lang.String l
com.baidu.location.g: java.lang.String e
com.baidu.location.g: java.lang.String do
com.baidu.location.g: java.lang.String for
com.baidu.location.g: java.lang.String long
com.baidu.location.g: boolean j
com.baidu.location.g: boolean else
com.baidu.location.g: boolean b
com.baidu.location.g: boolean char
com.baidu.location.g: boolean h
com.baidu.location.g: java.util.ArrayList f
com.baidu.location.g: int a
com.baidu.location.g: int byte
com.baidu.location.g: int case
com.baidu.location.g: int n
com.baidu.location.g: int i
com.baidu.location.g: android.net.Uri if
com.baidu.location.g: int try
com.baidu.location.g: java.lang.String k
com.baidu.location.g: int g
com.baidu.location.g: int goto
com.baidu.location.g: android.os.Handler int
com.baidu.location.g: android.os.Handler m
com.baidu.location.g: android.os.Handler c
com.baidu.location.g: g()
com.baidu.location.g: boolean a(java.lang.String,android.os.Handler)
com.baidu.location.g: boolean if(java.lang.String,android.os.Handler)
com.baidu.location.g: void f()
com.baidu.location.g: void a(java.lang.String,boolean)
com.baidu.location.g: boolean a(android.content.Context)
com.baidu.location.g: boolean for(android.content.Context)
com.baidu.location.g: int do(android.content.Context)
com.baidu.location.g: int if(android.content.Context)
com.baidu.location.g$1
com.baidu.location.g$1: g$1()
com.baidu.location.g$1: void run()
com.baidu.location.g$2
com.baidu.location.g$2: g$2()
com.baidu.location.g$2: void run()
com.baidu.location.g$3
com.baidu.location.g$3: g$3()
com.baidu.location.g$3: void run()
com.baidu.location.g$4
com.baidu.location.g$4: g$4()
com.baidu.location.g$4: void run()
com.baidu.location.h
com.baidu.location.h: java.lang.String if
com.baidu.location.h: int a
com.baidu.location.h: long try
com.baidu.location.h: int new
com.baidu.location.h: float for
com.baidu.location.h: java.lang.String do
com.baidu.location.h: java.util.ArrayList int
com.baidu.location.h: h()
com.baidu.location.h: void a(com.baidu.location.c$a,double,double,float)
com.baidu.location.h: java.lang.String a(int,int,int)
com.baidu.location.h: void if()
com.baidu.location.h: com.baidu.location.h$a if(int,int,int)
com.baidu.location.h: void a()
com.baidu.location.h: void do()
com.baidu.location.h: void <clinit>()
com.baidu.location.h$a
com.baidu.location.h$a: int do
com.baidu.location.h$a: int try
com.baidu.location.h$a: int if
com.baidu.location.h$a: int a
com.baidu.location.h$a: double new
com.baidu.location.h$a: double int
com.baidu.location.h$a: float for
com.baidu.location.h$a: h$a(int,int,int,int,double,double,float)
com.baidu.location.h$a: boolean a(int,int,int)
com.baidu.location.h$a: double a(com.baidu.location.h$a,double)
com.baidu.location.h$a: double if(com.baidu.location.h$a,double)
com.baidu.location.h$a: float a(com.baidu.location.h$a,float)
com.baidu.location.h$a: double if(com.baidu.location.h$a)
com.baidu.location.h$a: double int(com.baidu.location.h$a)
com.baidu.location.h$a: float a(com.baidu.location.h$a)
com.baidu.location.h$a: int for(com.baidu.location.h$a)
com.baidu.location.h$a: int new(com.baidu.location.h$a)
com.baidu.location.h$a: int do(com.baidu.location.h$a)
com.baidu.location.h$a: int try(com.baidu.location.h$a)