proguard_logs/mapping.txt
com.baidu.mapapi.search.route.TransitRouteLine$TransitStep -> com.baidu.mapapi.search.route.TransitRouteLine$TransitStep:
    com.baidu.mapapi.search.core.VehicleInfo c -> c
    com.baidu.mapapi.search.core.RouteNode d -> d
    com.baidu.mapapi.search.core.RouteNode e -> e
    com.baidu.mapapi.search.route.TransitRouteLine$TransitStep$TransitRouteStepType f -> f
    java.lang.String g -> g
    java.lang.String h -> h
    java.lang.String getInstructions() -> getInstructions
    void a(com.baidu.mapapi.search.core.VehicleInfo) -> a
    void a(java.lang.String) -> a
    com.baidu.mapapi.search.route.TransitRouteLine$TransitStep$TransitRouteStepType getStepType() -> getStepType
    void a(com.baidu.mapapi.search.route.TransitRouteLine$TransitStep$TransitRouteStepType) -> a
    void b(java.lang.String) -> b
    java.util.List getWayPoints() -> getWayPoints
    com.baidu.mapapi.search.core.RouteNode getEntrace() -> getEntrace
    void a(com.baidu.mapapi.search.core.RouteNode) -> a
    com.baidu.mapapi.search.core.RouteNode getExit() -> getExit
    void b(com.baidu.mapapi.search.core.RouteNode) -> b
    com.baidu.mapapi.search.core.VehicleInfo getVehicleInfo() -> getVehicleInfo
com.baidu.mapapi.search.route.TransitRouteLine$TransitStep$TransitRouteStepType -> com.baidu.mapapi.search.route.TransitRouteLine$TransitStep$TransitRouteStepType:
    com.baidu.mapapi.search.route.TransitRouteLine$TransitStep$TransitRouteStepType BUSLINE -> BUSLINE
    com.baidu.mapapi.search.route.TransitRouteLine$TransitStep$TransitRouteStepType SUBWAY -> SUBWAY
    com.baidu.mapapi.search.route.TransitRouteLine$TransitStep$TransitRouteStepType WAKLING -> WAKLING
    com.baidu.mapapi.search.route.TransitRouteLine$TransitStep$TransitRouteStepType[] $VALUES -> $VALUES
    com.baidu.mapapi.search.route.TransitRouteLine$TransitStep$TransitRouteStepType[] values() -> values
    com.baidu.mapapi.search.route.TransitRouteLine$TransitStep$TransitRouteStepType valueOf(java.lang.String) -> valueOf
com.baidu.mapapi.search.route.TransitRoutePlanOption -> com.baidu.mapapi.search.route.TransitRoutePlanOption:
    com.baidu.mapapi.search.route.PlanNode a -> a
    com.baidu.mapapi.search.route.PlanNode b -> b
    java.lang.String c -> c
    com.baidu.mapapi.search.route.TransitRoutePlanOption$TransitPolicy d -> d
    com.baidu.mapapi.search.route.TransitRoutePlanOption from(com.baidu.mapapi.search.route.PlanNode) -> from
    com.baidu.mapapi.search.route.TransitRoutePlanOption to(com.baidu.mapapi.search.route.PlanNode) -> to
    com.baidu.mapapi.search.route.TransitRoutePlanOption city(java.lang.String) -> city
    com.baidu.mapapi.search.route.TransitRoutePlanOption policy(com.baidu.mapapi.search.route.TransitRoutePlanOption$TransitPolicy) -> policy
com.baidu.mapapi.search.route.TransitRoutePlanOption$TransitPolicy -> com.baidu.mapapi.search.route.TransitRoutePlanOption$TransitPolicy:
    com.baidu.mapapi.search.route.TransitRoutePlanOption$TransitPolicy EBUS_TIME_FIRST -> EBUS_TIME_FIRST
    com.baidu.mapapi.search.route.TransitRoutePlanOption$TransitPolicy EBUS_TRANSFER_FIRST -> EBUS_TRANSFER_FIRST
    com.baidu.mapapi.search.route.TransitRoutePlanOption$TransitPolicy EBUS_WALK_FIRST -> EBUS_WALK_FIRST
    com.baidu.mapapi.search.route.TransitRoutePlanOption$TransitPolicy EBUS_NO_SUBWAY -> EBUS_NO_SUBWAY
    int a -> a
    com.baidu.mapapi.search.route.TransitRoutePlanOption$TransitPolicy[] b -> b
    com.baidu.mapapi.search.route.TransitRoutePlanOption$TransitPolicy[] values() -> values
    com.baidu.mapapi.search.route.TransitRoutePlanOption$TransitPolicy valueOf(java.lang.String) -> valueOf
    int getInt() -> getInt