proguard_logs/usage.txt
com.wlqq.huodi.utils.AdapterDataUtils:
    23:23:public AdapterDataUtils()
    41:62:public static java.util.List getAdapterDataForMsgboard(com.wlqq.huodi.bean.Msgboard)
    66:77:public static java.util.List getAdapterDataForBrandList(java.util.List)
    82:93:public static java.util.List getAdapterDataForNameValuePairList(java.util.List)
com.wlqq.huodi.utils.AlarmManagerUtil:
    17:17:public AlarmManagerUtil()
com.wlqq.huodi.utils.AlarmUtils
com.wlqq.huodi.utils.ApnUtils:
    15:15:public ApnUtils()
com.wlqq.huodi.utils.CheckUtils:
    21:21:public CheckUtils()
    145:148:public static boolean isConnected(android.app.Activity)
    177:182:public static boolean isConnected()
com.wlqq.huodi.utils.ConnectionUtils:
    14:14:public ConnectionUtils()
com.wlqq.huodi.utils.DeviceUtils:
    19:19:public DeviceUtils()
com.wlqq.huodi.utils.EditTextCheckUtils:
    12:12:public EditTextCheckUtils()
    40:45:public static boolean isChinese(java.lang.String)
com.wlqq.huodi.utils.HuoDiConstants:
    public static final java.lang.String BMAP_APPKEY
    public static final java.lang.String VERSION
    public static final java.lang.String HTTP_PARAM_SID
    public static final java.lang.String HTTP_PARAM_ST
    public static final java.lang.String HTTP_PARAM_PID
    public static final java.lang.String HTTP_PARAM_CID
    public static final java.lang.String HTTP_PARAM_USERNAME
    public static final java.lang.String HTTP_PARAM_PASSWORD
    public static final java.lang.String HTTP_PARAM_CLIENT
    public static final java.lang.String HTTP_PARAM_VERSION
    public static final java.lang.String HTTP_PARAM_VERSION_CODE
    public static final java.lang.String HTTP_PARAM_MSG_ID
    public static final java.lang.String HTTP_PARAM_BRAND_ID
    public static final java.lang.String HTTP_PARAM_FPID
    public static final java.lang.String HTTP_PARAM_FCID
    public static final java.lang.String HTTP_PARAM_FCNTID
    public static final java.lang.String HTTP_PARAM_TPID
    public static final java.lang.String HTTP_PARAM_TCID
    public static final java.lang.String HTTP_PARAM_MESSAGE_TYPE
    public static final java.lang.String HTTP_PARAM_VEHICLE_TYPE
    public static final java.lang.String HTTP_PARAM_VEHICLE_LENGTH
    public static final java.lang.String HTTP_PARAM_WHEEL_NUMBER
    public static final java.lang.String HTTP_PARAM_KEYWORD
    public static final java.lang.String HTTP_PARAM_FETCH_SIZE
com.wlqq.huodi.utils.ImageUtils:
    private static final java.lang.String TAG
    17:19:public ImageUtils()
    41:49:public static java.io.File createFile(java.lang.String)
    53:77:public static java.io.File bitmapToFile(android.graphics.Bitmap,java.lang.String,int)
    81:83:public static java.io.File compressImageFile(java.io.File)
    87:88:public static java.io.File compressImageFile(java.io.File,int,java.lang.String,com.wlqq.huodi.utils.ImageUtils$BitmapSizeType)
    93:125:public static android.graphics.Bitmap downloadBitmap(java.lang.String)
    179:198:public static void copyFile(java.lang.String,java.lang.String)
com.wlqq.huodi.utils.LocationUtils:
    private static final java.lang.String TAG
    22:22:public LocationUtils()
com.wlqq.huodi.utils.LogUtils:
    private static final boolean IS_PRINT_LOG
    9:9:public LogUtils()
    25:26:public static void v(java.lang.String,java.lang.String)
com.wlqq.huodi.utils.MsgboardUtils
com.wlqq.huodi.utils.PictureUtil:
    18:18:public PictureUtil()
    29:35:public static java.lang.String bitmapToString(java.lang.String)
    101:105:public static void deleteTempFile(java.lang.String)
    111:117:public static void galleryAddPic(android.content.Context,java.lang.String)
    125:132:public static java.io.File getAlbumDir()
    141:141:public static java.lang.String getAlbumName()